<?xml version="1.0" encoding="UTF-8"?>
<!-- Generated by org.testng.reporters.JUnitXMLReporter -->
<testsuite hostname="ARS-NBT-LAP" ignored="0" name="vKycProcess" tests="41" failures="4" timestamp="13 Jun 2022 12:23:44 GMT" time="1020.454" errors="0">
  <testcase name="uploadVKycCaseByAdmin" time="8.383" classname="com.vKyc.Testcases.TC_VideoKyc"/>
  <testcase name="verifyCaseInAssignedBucket" time="6.881" classname="com.vKyc.Testcases.TC_VideoKyc"/>
  <testcase name="scheduleCaseByAgent" time="15.892" classname="com.vKyc.Testcases.TC_VideoKyc"/>
  <testcase name="vKycProcessByCustomer" time="184.597" classname="com.vKyc.Testcases.TC_VideoKyc"/>
  <testcase name="vkycProcessByAgent" time="53.436" classname="com.vKyc.Testcases.TC_VideoKyc"/>
  <testcase name="vkycCaseApprovedByAuditor" time="8.933" classname="com.vKyc.Testcases.TC_VideoKyc"/>
  <testcase name="verifyCandidateNameonReport" time="0.099" classname="com.vKyc.Testcases.TC_VideoKyc"/>
  <testcase name="verifyCallStartAndEndDateOnReport" time="0.264" classname="com.vKyc.Testcases.TC_VideoKyc"/>
  <testcase name="verifyGeotaggingAddressOnReport" time="0.14" classname="com.vKyc.Testcases.TC_VideoKyc"/>
  <testcase name="verifyPandataDetailsOnReport" time="0.508" classname="com.vKyc.Testcases.TC_VideoKyc"/>
  <testcase name="verifyAdhaardataDetailsOnReport" time="0.297" classname="com.vKyc.Testcases.TC_VideoKyc"/>
  <testcase name="verifyFaceMatchScoreOnReport" time="0.128" classname="com.vKyc.Testcases.TC_VideoKyc"/>
  <testcase name="downloadAndVerifyRecordedVideo" time="9.802" classname="com.vKyc.Testcases.TC_VideoKyc"/>
  <testcase name="checkCaseAvailabilityinApprovedBucket" time="11.982" classname="com.vKyc.Testcases.TC_VideoKyc"/>
  <testcase name="verifyTodayReportDownloadStatusAndContent" time="8.74" classname="com.vKyc.Testcases.TC_VideoKyc"/>
  <testcase name="verifySevenDaysReportDownloadStatus" time="5.416" classname="com.vKyc.Testcases.TC_VideoKyc"/>
  <testcase name="verifyThirtyDaysReportDownloadStatus" time="5.297" classname="com.vKyc.Testcases.TC_VideoKyc"/>
  <testcase name="verifyNinetyDaysReportDownloadStatus" time="8.28" classname="com.vKyc.Testcases.TC_VideoKyc"/>
  <testcase name="uploadCaseUsingExcel" time="128.521" classname="com.vKyc.Testcases.TC_VideoKyc">
    <failure type="org.openqa.selenium.TimeoutException" message="Expected condition failed: waiting for visibility of Proxy element for: DefaultElementLocator &amp;apos;By.xpath: //*[contains(text(),&amp;apos;Cases uploaded successfully&amp;apos;)]&amp;apos; (tried for 120 second(s) with 500 milliseconds interval)">
      <![CDATA[org.openqa.selenium.TimeoutException: Expected condition failed: waiting for visibility of Proxy element for: DefaultElementLocator 'By.xpath: //*[contains(text(),'Cases uploaded successfully')]' (tried for 120 second(s) with 500 milliseconds interval)
at org.openqa.selenium.support.ui.WebDriverWait.timeoutException(WebDriverWait.java:113)
at org.openqa.selenium.support.ui.FluentWait.until(FluentWait.java:283)
at com.vKyc.Pageobject.videoKyc.verifyCaseUploadSuccessMsg(videoKyc.java:1761)
at com.vKyc.Testcases.TC_VideoKyc.uploadCaseUsingExcel(TC_VideoKyc.java:662)
Caused by: org.openqa.selenium.NoSuchElementException: no such element: Unable to locate element: {"method":"xpath","selector":"//*[contains(text(),'Cases uploaded successfully')]"}
  (Session info: chrome=100.0.4896.60)
For documentation on this error, please visit: http://seleniumhq.org/exceptions/no_such_element.html
Build info: version: '3.14.0', revision: 'aacccce0', time: '2018-08-02T20:19:58.91Z'
System info: host: 'ARS-NBT-LAP', ip: '127.0.1.1', os.name: 'Linux', os.arch: 'amd64', os.version: '4.15.0-142-generic', java.version: '1.8.0_292'
Driver info: org.openqa.selenium.chrome.ChromeDriver
Capabilities {acceptInsecureCerts: false, browserName: chrome, browserVersion: 100.0.4896.60, chrome: {chromedriverVersion: 100.0.4896.60 (6a5d10861ce8..., userDataDir: /tmp/.com.google.Chrome.ZPWV2e}, goog:chromeOptions: {debuggerAddress: localhost:37531}, javascriptEnabled: true, networkConnectionEnabled: false, pageLoadStrategy: normal, platform: LINUX, platformName: LINUX, proxy: Proxy(), setWindowRect: true, strictFileInteractability: false, timeouts: {implicit: 0, pageLoad: 300000, script: 30000}, unhandledPromptBehavior: dismiss and notify, webauthn:extension:credBlob: true, webauthn:extension:largeBlob: true, webauthn:virtualAuthenticators: true}
Session ID: 21b5818cbc78db62158e53871a41e523
*** Element info: {Using=xpath, value=//*[contains(text(),'Cases uploaded successfully')]}
at org.openqa.selenium.remote.http.W3CHttpResponseCodec.createException(W3CHttpResponseCodec.java:187)
at org.openqa.selenium.remote.http.W3CHttpResponseCodec.decode(W3CHttpResponseCodec.java:122)
at org.openqa.selenium.remote.http.W3CHttpResponseCodec.decode(W3CHttpResponseCodec.java:49)
at org.openqa.selenium.remote.HttpCommandExecutor.execute(HttpCommandExecutor.java:158)
at org.openqa.selenium.remote.service.DriverCommandExecutor.execute(DriverCommandExecutor.java:83)
at org.openqa.selenium.remote.RemoteWebDriver.execute(RemoteWebDriver.java:548)
at org.openqa.selenium.remote.RemoteWebDriver.findElement(RemoteWebDriver.java:322)
at org.openqa.selenium.remote.RemoteWebDriver.findElementByXPath(RemoteWebDriver.java:424)
at org.openqa.selenium.By$ByXPath.findElement(By.java:353)
at org.openqa.selenium.remote.RemoteWebDriver.findElement(RemoteWebDriver.java:314)
at org.openqa.selenium.support.pagefactory.DefaultElementLocator.findElement(DefaultElementLocator.java:69)
at org.openqa.selenium.support.pagefactory.internal.LocatingElementHandler.invoke(LocatingElementHandler.java:38)
at com.sun.proxy.$Proxy9.isDisplayed(Unknown Source)
at org.openqa.selenium.support.ui.ExpectedConditions.elementIfVisible(ExpectedConditions.java:315)
at org.openqa.selenium.support.ui.ExpectedConditions.access$100(ExpectedConditions.java:44)
at org.openqa.selenium.support.ui.ExpectedConditions$10.apply(ExpectedConditions.java:301)
at org.openqa.selenium.support.ui.ExpectedConditions$10.apply(ExpectedConditions.java:298)
at org.openqa.selenium.support.ui.FluentWait.until(FluentWait.java:260)
... 30 more
... Removed 31 stack frames]]>
    </failure>
  </testcase> <!-- uploadCaseUsingExcel -->
  <testcase name="verifyCaseUploadAtAgentEnd" time="0.0" classname="com.vKyc.Testcases.TC_VideoKyc">
    <skipped/>
  </testcase> <!-- verifyCaseUploadAtAgentEnd -->
  <testcase name="uploadVKycCaseByAdminForRejectCase" time="8.281" classname="com.vKyc.Testcases.TC_VideoKyc"/>
  <testcase name="scheduleCaseByAgentForCaseRejectAtAuditorEnd" time="17.002" classname="com.vKyc.Testcases.TC_VideoKyc"/>
  <testcase name="vKycProcessByCustomerForCaseRejectAtAuditorEnd" time="201.01" classname="com.vKyc.Testcases.TC_VideoKyc">
    <failure type="org.openqa.selenium.TimeoutException" message="Expected condition failed: waiting for element to be clickable: Proxy element for: DefaultElementLocator &amp;apos;By.xpath: //*[@id=&amp;apos;ID_red&amp;apos;]&amp;apos; (tried for 120 second(s) with 500 milliseconds interval)">
      <![CDATA[org.openqa.selenium.TimeoutException: Expected condition failed: waiting for element to be clickable: Proxy element for: DefaultElementLocator 'By.xpath: //*[@id='ID_red']' (tried for 120 second(s) with 500 milliseconds interval)
at org.openqa.selenium.support.ui.WebDriverWait.timeoutException(WebDriverWait.java:113)
at org.openqa.selenium.support.ui.FluentWait.until(FluentWait.java:283)
at com.vKyc.Pageobject.videoKyc.submitPanCardUsingBrowseToUpload(videoKyc.java:971)
at com.vKyc.Testcases.TC_VideoKyc.vKycProcessByCustomerForCaseRejectAtAuditorEnd(TC_VideoKyc.java:779)
Caused by: org.openqa.selenium.NoSuchElementException: no such element: Unable to locate element: {"method":"xpath","selector":"//*[@id='ID_red']"}
  (Session info: chrome=100.0.4896.60)
For documentation on this error, please visit: http://seleniumhq.org/exceptions/no_such_element.html
Build info: version: '3.14.0', revision: 'aacccce0', time: '2018-08-02T20:19:58.91Z'
System info: host: 'ARS-NBT-LAP', ip: '127.0.1.1', os.name: 'Linux', os.arch: 'amd64', os.version: '4.15.0-142-generic', java.version: '1.8.0_292'
Driver info: org.openqa.selenium.chrome.ChromeDriver
Capabilities {acceptInsecureCerts: false, browserName: chrome, browserVersion: 100.0.4896.60, chrome: {chromedriverVersion: 100.0.4896.60 (6a5d10861ce8..., userDataDir: /tmp/.com.google.Chrome.ZPWV2e}, goog:chromeOptions: {debuggerAddress: localhost:37531}, javascriptEnabled: true, networkConnectionEnabled: false, pageLoadStrategy: normal, platform: LINUX, platformName: LINUX, proxy: Proxy(), setWindowRect: true, strictFileInteractability: false, timeouts: {implicit: 0, pageLoad: 300000, script: 30000}, unhandledPromptBehavior: dismiss and notify, webauthn:extension:credBlob: true, webauthn:extension:largeBlob: true, webauthn:virtualAuthenticators: true}
Session ID: 21b5818cbc78db62158e53871a41e523
*** Element info: {Using=xpath, value=//*[@id='ID_red']}
at org.openqa.selenium.remote.http.W3CHttpResponseCodec.createException(W3CHttpResponseCodec.java:187)
at org.openqa.selenium.remote.http.W3CHttpResponseCodec.decode(W3CHttpResponseCodec.java:122)
at org.openqa.selenium.remote.http.W3CHttpResponseCodec.decode(W3CHttpResponseCodec.java:49)
at org.openqa.selenium.remote.HttpCommandExecutor.execute(HttpCommandExecutor.java:158)
at org.openqa.selenium.remote.service.DriverCommandExecutor.execute(DriverCommandExecutor.java:83)
at org.openqa.selenium.remote.RemoteWebDriver.execute(RemoteWebDriver.java:548)
at org.openqa.selenium.remote.RemoteWebDriver.findElement(RemoteWebDriver.java:322)
at org.openqa.selenium.remote.RemoteWebDriver.findElementByXPath(RemoteWebDriver.java:424)
at org.openqa.selenium.By$ByXPath.findElement(By.java:353)
at org.openqa.selenium.remote.RemoteWebDriver.findElement(RemoteWebDriver.java:314)
at org.openqa.selenium.support.pagefactory.DefaultElementLocator.findElement(DefaultElementLocator.java:69)
at org.openqa.selenium.support.pagefactory.internal.LocatingElementHandler.invoke(LocatingElementHandler.java:38)
at com.sun.proxy.$Proxy9.isDisplayed(Unknown Source)
at org.openqa.selenium.support.ui.ExpectedConditions.elementIfVisible(ExpectedConditions.java:315)
at org.openqa.selenium.support.ui.ExpectedConditions.access$100(ExpectedConditions.java:44)
at org.openqa.selenium.support.ui.ExpectedConditions$10.apply(ExpectedConditions.java:301)
at org.openqa.selenium.support.ui.ExpectedConditions$10.apply(ExpectedConditions.java:298)
at org.openqa.selenium.support.ui.ExpectedConditions$23.apply(ExpectedConditions.java:686)
at org.openqa.selenium.support.ui.ExpectedConditions$23.apply(ExpectedConditions.java:682)
at org.openqa.selenium.support.ui.FluentWait.until(FluentWait.java:260)
... 30 more
... Removed 31 stack frames]]>
    </failure>
  </testcase> <!-- vKycProcessByCustomerForCaseRejectAtAuditorEnd -->
  <testcase name="vkycProcessByAgentForCaseRejectAtAuditorEnd" time="0.0" classname="com.vKyc.Testcases.TC_VideoKyc">
    <skipped/>
  </testcase> <!-- vkycProcessByAgentForCaseRejectAtAuditorEnd -->
  <testcase name="vkycCaseRejectedByAuditor" time="0.0" classname="com.vKyc.Testcases.TC_VideoKyc">
    <skipped/>
  </testcase> <!-- vkycCaseRejectedByAuditor -->
  <testcase name="checkCaseAvailabilityinRejectedBucket" time="0.0" classname="com.vKyc.Testcases.TC_VideoKyc">
    <skipped/>
  </testcase> <!-- checkCaseAvailabilityinRejectedBucket -->
  <testcase name="uploadVKycCaseForReAssignByAuditor" time="126.782" classname="com.vKyc.Testcases.TC_VideoKyc">
    <failure type="org.openqa.selenium.TimeoutException" message="Expected condition failed: waiting for visibility of Proxy element for: DefaultElementLocator &amp;apos;By.xpath: //*[@id=&amp;apos;Check_Pad&amp;apos;]&amp;apos; (tried for 120 second(s) with 500 milliseconds interval)">
      <![CDATA[org.openqa.selenium.TimeoutException: Expected condition failed: waiting for visibility of Proxy element for: DefaultElementLocator 'By.xpath: //*[@id='Check_Pad']' (tried for 120 second(s) with 500 milliseconds interval)
at org.openqa.selenium.support.ui.WebDriverWait.timeoutException(WebDriverWait.java:113)
at org.openqa.selenium.support.ui.FluentWait.until(FluentWait.java:283)
at com.vKyc.Pageobject.videoKyc.uploadCase(videoKyc.java:733)
at com.vKyc.Testcases.TC_VideoKyc.uploadVKycCaseForReAssignByAuditor(TC_VideoKyc.java:972)
Caused by: org.openqa.selenium.NoSuchElementException: no such element: Unable to locate element: {"method":"xpath","selector":"//*[@id='Check_Pad']"}
  (Session info: chrome=100.0.4896.60)
For documentation on this error, please visit: http://seleniumhq.org/exceptions/no_such_element.html
Build info: version: '3.14.0', revision: 'aacccce0', time: '2018-08-02T20:19:58.91Z'
System info: host: 'ARS-NBT-LAP', ip: '127.0.1.1', os.name: 'Linux', os.arch: 'amd64', os.version: '4.15.0-142-generic', java.version: '1.8.0_292'
Driver info: org.openqa.selenium.chrome.ChromeDriver
Capabilities {acceptInsecureCerts: false, browserName: chrome, browserVersion: 100.0.4896.60, chrome: {chromedriverVersion: 100.0.4896.60 (6a5d10861ce8..., userDataDir: /tmp/.com.google.Chrome.ZPWV2e}, goog:chromeOptions: {debuggerAddress: localhost:37531}, javascriptEnabled: true, networkConnectionEnabled: false, pageLoadStrategy: normal, platform: LINUX, platformName: LINUX, proxy: Proxy(), setWindowRect: true, strictFileInteractability: false, timeouts: {implicit: 0, pageLoad: 300000, script: 30000}, unhandledPromptBehavior: dismiss and notify, webauthn:extension:credBlob: true, webauthn:extension:largeBlob: true, webauthn:virtualAuthenticators: true}
Session ID: 21b5818cbc78db62158e53871a41e523
*** Element info: {Using=xpath, value=//*[@id='Check_Pad']}
at org.openqa.selenium.remote.http.W3CHttpResponseCodec.createException(W3CHttpResponseCodec.java:187)
at org.openqa.selenium.remote.http.W3CHttpResponseCodec.decode(W3CHttpResponseCodec.java:122)
at org.openqa.selenium.remote.http.W3CHttpResponseCodec.decode(W3CHttpResponseCodec.java:49)
at org.openqa.selenium.remote.HttpCommandExecutor.execute(HttpCommandExecutor.java:158)
at org.openqa.selenium.remote.service.DriverCommandExecutor.execute(DriverCommandExecutor.java:83)
at org.openqa.selenium.remote.RemoteWebDriver.execute(RemoteWebDriver.java:548)
at org.openqa.selenium.remote.RemoteWebDriver.findElement(RemoteWebDriver.java:322)
at org.openqa.selenium.remote.RemoteWebDriver.findElementByXPath(RemoteWebDriver.java:424)
at org.openqa.selenium.By$ByXPath.findElement(By.java:353)
at org.openqa.selenium.remote.RemoteWebDriver.findElement(RemoteWebDriver.java:314)
at org.openqa.selenium.support.pagefactory.DefaultElementLocator.findElement(DefaultElementLocator.java:69)
at org.openqa.selenium.support.pagefactory.internal.LocatingElementHandler.invoke(LocatingElementHandler.java:38)
at com.sun.proxy.$Proxy9.isDisplayed(Unknown Source)
at org.openqa.selenium.support.ui.ExpectedConditions.elementIfVisible(ExpectedConditions.java:315)
at org.openqa.selenium.support.ui.ExpectedConditions.access$100(ExpectedConditions.java:44)
at org.openqa.selenium.support.ui.ExpectedConditions$10.apply(ExpectedConditions.java:301)
at org.openqa.selenium.support.ui.ExpectedConditions$10.apply(ExpectedConditions.java:298)
at org.openqa.selenium.support.ui.FluentWait.until(FluentWait.java:260)
... 30 more
... Removed 31 stack frames]]>
    </failure>
  </testcase> <!-- uploadVKycCaseForReAssignByAuditor -->
  <testcase name="scheduleCaseByAgentForReAssign" time="0.0" classname="com.vKyc.Testcases.TC_VideoKyc">
    <skipped/>
  </testcase> <!-- scheduleCaseByAgentForReAssign -->
  <testcase name="vKycProcessByCustomerForReAssign" time="0.0" classname="com.vKyc.Testcases.TC_VideoKyc">
    <skipped/>
  </testcase> <!-- vKycProcessByCustomerForReAssign -->
  <testcase name="vkycProcessByAgentForCaseReAssignAtAuditorEnd" time="0.0" classname="com.vKyc.Testcases.TC_VideoKyc">
    <skipped/>
  </testcase> <!-- vkycProcessByAgentForCaseReAssignAtAuditorEnd -->
  <testcase name="vkycCaseReAssignByAuditor" time="0.0" classname="com.vKyc.Testcases.TC_VideoKyc">
    <skipped/>
  </testcase> <!-- vkycCaseReAssignByAuditor -->
  <testcase name="uploadVKycCaseByAdminForCaseTransfer" time="104.135" classname="com.vKyc.Testcases.TC_VideoKyc"/>
  <testcase name="transferCaseByAgent" time="24.662" classname="com.vKyc.Testcases.TC_VideoKyc"/>
  <testcase name="verifyCaseAtTransferredAgent" time="7.892" classname="com.vKyc.Testcases.TC_VideoKyc"/>
  <testcase name="uploadVKycCaseByAdminForReschedulelater" time="7.731" classname="com.vKyc.Testcases.TC_VideoKyc"/>
  <testcase name="scheduleCaseByAgentForReschedulelater" time="17.991" classname="com.vKyc.Testcases.TC_VideoKyc"/>
  <testcase name="markCaseAsReschedulelater" time="8.858" classname="com.vKyc.Testcases.TC_VideoKyc"/>
  <testcase name="verifyCaseAvailabilityInAssignedBucket" time="8.443" classname="com.vKyc.Testcases.TC_VideoKyc"/>
  <testcase name="uploadVKycCaseByAdminForInlineReschedule" time="7.926" classname="com.vKyc.Testcases.TC_VideoKyc"/>
  <testcase name="scheduleCaseByAgentForInlineReschedule" time="16.026" classname="com.vKyc.Testcases.TC_VideoKyc"/>
  <testcase name="inlineRescheduleCall" time="1.091" classname="com.vKyc.Testcases.TC_VideoKyc">
    <failure type="java.lang.NullPointerException">
      <![CDATA[java.lang.NullPointerException
at com.vKyc.Pageobject.videoKyc.inlinineRescheduleCall(videoKyc.java:2084)
at com.vKyc.Testcases.TC_VideoKyc.inlineRescheduleCall(TC_VideoKyc.java:1464)
... Removed 28 stack frames]]>
    </failure>
  </testcase> <!-- inlineRescheduleCall -->
</testsuite> <!-- vKycProcess -->
