<html>
<head>
<title>TestNG:  vKycProcess1</title>
<link href="../testng.css" rel="stylesheet" type="text/css" />
<link href="../my-testng.css" rel="stylesheet" type="text/css" />

<style type="text/css">
.log { display: none;} 
.stack-trace { display: none;} 
</style>
<script type="text/javascript">
<!--
function flip(e) {
  current = e.style.display;
  if (current == 'block') {
    e.style.display = 'none';
    return 0;
  }
  else {
    e.style.display = 'block';
    return 1;
  }
}

function toggleBox(szDivId, elem, msg1, msg2)
{
  var res = -1;  if (document.getElementById) {
    res = flip(document.getElementById(szDivId));
  }
  else if (document.all) {
    // this is the way old msie versions work
    res = flip(document.all[szDivId]);
  }
  if(elem) {
    if(res == 0) elem.innerHTML = msg1; else elem.innerHTML = msg2;
  }

}

function toggleAllBoxes() {
  if (document.getElementsByTagName) {
    d = document.getElementsByTagName('div');
    for (i = 0; i < d.length; i++) {
      if (d[i].className == 'log') {
        flip(d[i]);
      }
    }
  }
}

// -->
</script>

</head>
<body>
<h2 align='center'>vKycProcess1</h2><table border='1' align="center">
<tr>
<td>Tests passed/Failed/Skipped:</td><td>25/2/3</td>
</tr><tr>
<td>Started on:</td><td>Tue Jun 14 17:21:34 IST 2022</td>
</tr>
<tr><td>Total time:</td><td>484 seconds (484215 ms)</td>
</tr><tr>
<td>Included groups:</td><td></td>
</tr><tr>
<td>Excluded groups:</td><td></td>
</tr>
</table><p/>
<small><i>(Hover the method name to see the test class name)</i></small><p/>
<table width='100%' border='1' class='invocation-failed'>
<tr><td colspan='4' align='center'><b>FAILED TESTS</b></td></tr>
<tr><td><b>Test method</b></td>
<td width="30%"><b>Exception</b></td>
<td width="10%"><b>Time (seconds)</b></td>
<td><b>Instance</b></td>
</tr>
<tr>
<td title='com.vKyc.Testcases.TC_VideoKyc.inlineRescheduleCall()'><b>inlineRescheduleCall</b><br>Test class: com.vKyc.Testcases.TC_VideoKyc</td>
<td><div><pre>java.lang.NullPointerException
	at com.vKyc.Pageobject.videoKyc.inlinineRescheduleCall(videoKyc.java:2086)
	at com.vKyc.Testcases.TC_VideoKyc.inlineRescheduleCall(TC_VideoKyc.java:1465)
... Removed 28 stack frames</pre></div><a href='#' onClick='toggleBox("stack-trace345865414", this, "Click to show all stack frames", "Click to hide stack frames")'>Click to show all stack frames</a>
<div class='stack-trace' id='stack-trace345865414'><pre>java.lang.NullPointerException
	at com.vKyc.Pageobject.videoKyc.inlinineRescheduleCall(videoKyc.java:2086)
	at com.vKyc.Testcases.TC_VideoKyc.inlineRescheduleCall(TC_VideoKyc.java:1465)
	at sun.reflect.NativeMethodAccessorImpl.invoke0(Native Method)
	at sun.reflect.NativeMethodAccessorImpl.invoke(NativeMethodAccessorImpl.java:62)
	at sun.reflect.DelegatingMethodAccessorImpl.invoke(DelegatingMethodAccessorImpl.java:43)
	at java.lang.reflect.Method.invoke(Method.java:498)
	at org.testng.internal.MethodInvocationHelper.invokeMethod(MethodInvocationHelper.java:124)
	at org.testng.internal.Invoker.invokeMethod(Invoker.java:583)
	at org.testng.internal.Invoker.invokeTestMethod(Invoker.java:719)
	at org.testng.internal.Invoker.invokeTestMethods(Invoker.java:989)
	at org.testng.internal.TestMethodWorker.invokeTestMethods(TestMethodWorker.java:125)
	at org.testng.internal.TestMethodWorker.run(TestMethodWorker.java:109)
	at org.testng.TestRunner.privateRun(TestRunner.java:648)
	at org.testng.TestRunner.run(TestRunner.java:505)
	at org.testng.SuiteRunner.runTest(SuiteRunner.java:455)
	at org.testng.SuiteRunner.runSequentially(SuiteRunner.java:450)
	at org.testng.SuiteRunner.privateRun(SuiteRunner.java:415)
	at org.testng.SuiteRunner.run(SuiteRunner.java:364)
	at org.testng.SuiteRunnerWorker.runSuite(SuiteRunnerWorker.java:52)
	at org.testng.SuiteRunnerWorker.run(SuiteRunnerWorker.java:84)
	at org.testng.TestNG.runSuitesSequentially(TestNG.java:1208)
	at org.testng.TestNG.runSuitesLocally(TestNG.java:1137)
	at org.testng.TestNG.runSuites(TestNG.java:1049)
	at org.testng.TestNG.run(TestNG.java:1017)
	at org.apache.maven.surefire.testng.TestNGExecutor.run(TestNGExecutor.java:295)
	at org.apache.maven.surefire.testng.TestNGXmlTestSuite.execute(TestNGXmlTestSuite.java:84)
	at org.apache.maven.surefire.testng.TestNGProvider.invoke(TestNGProvider.java:90)
	at org.apache.maven.surefire.booter.ForkedBooter.invokeProviderInSameClassLoader(ForkedBooter.java:203)
	at org.apache.maven.surefire.booter.ForkedBooter.runSuitesInProcess(ForkedBooter.java:155)
	at org.apache.maven.surefire.booter.ForkedBooter.main(ForkedBooter.java:103)
</pre></div></td>
<td>1</td>
<td>com.vKyc.Testcases.TC_VideoKyc@3f2a3a5</td></tr>
<tr>
<td title='com.vKyc.Testcases.TC_VideoKyc.verifyTodayReportDownloadStatusAndContent()'><b>verifyTodayReportDownloadStatusAndContent</b><br>Test class: com.vKyc.Testcases.TC_VideoKyc</td>
<td><div><pre>java.lang.AssertionError: expected [true] but found [false]
	at com.vKyc.Testcases.TC_VideoKyc.verifyTodayReportDownloadStatusAndContent(TC_VideoKyc.java:569)
... Removed 32 stack frames</pre></div><a href='#' onClick='toggleBox("stack-trace1771190979", this, "Click to show all stack frames", "Click to hide stack frames")'>Click to show all stack frames</a>
<div class='stack-trace' id='stack-trace1771190979'><pre>java.lang.AssertionError: expected [true] but found [false]
	at org.testng.Assert.fail(Assert.java:96)
	at org.testng.Assert.failNotEquals(Assert.java:776)
	at org.testng.Assert.assertTrue(Assert.java:44)
	at org.testng.Assert.assertTrue(Assert.java:54)
	at com.vKyc.Testcases.TC_VideoKyc.verifyTodayReportDownloadStatusAndContent(TC_VideoKyc.java:569)
	at sun.reflect.NativeMethodAccessorImpl.invoke0(Native Method)
	at sun.reflect.NativeMethodAccessorImpl.invoke(NativeMethodAccessorImpl.java:62)
	at sun.reflect.DelegatingMethodAccessorImpl.invoke(DelegatingMethodAccessorImpl.java:43)
	at java.lang.reflect.Method.invoke(Method.java:498)
	at org.testng.internal.MethodInvocationHelper.invokeMethod(MethodInvocationHelper.java:124)
	at org.testng.internal.Invoker.invokeMethod(Invoker.java:583)
	at org.testng.internal.Invoker.invokeTestMethod(Invoker.java:719)
	at org.testng.internal.Invoker.invokeTestMethods(Invoker.java:989)
	at org.testng.internal.TestMethodWorker.invokeTestMethods(TestMethodWorker.java:125)
	at org.testng.internal.TestMethodWorker.run(TestMethodWorker.java:109)
	at org.testng.TestRunner.privateRun(TestRunner.java:648)
	at org.testng.TestRunner.run(TestRunner.java:505)
	at org.testng.SuiteRunner.runTest(SuiteRunner.java:455)
	at org.testng.SuiteRunner.runSequentially(SuiteRunner.java:450)
	at org.testng.SuiteRunner.privateRun(SuiteRunner.java:415)
	at org.testng.SuiteRunner.run(SuiteRunner.java:364)
	at org.testng.SuiteRunnerWorker.runSuite(SuiteRunnerWorker.java:52)
	at org.testng.SuiteRunnerWorker.run(SuiteRunnerWorker.java:84)
	at org.testng.TestNG.runSuitesSequentially(TestNG.java:1208)
	at org.testng.TestNG.runSuitesLocally(TestNG.java:1137)
	at org.testng.TestNG.runSuites(TestNG.java:1049)
	at org.testng.TestNG.run(TestNG.java:1017)
	at org.apache.maven.surefire.testng.TestNGExecutor.run(TestNGExecutor.java:295)
	at org.apache.maven.surefire.testng.TestNGXmlTestSuite.execute(TestNGXmlTestSuite.java:84)
	at org.apache.maven.surefire.testng.TestNGProvider.invoke(TestNGProvider.java:90)
	at org.apache.maven.surefire.booter.ForkedBooter.invokeProviderInSameClassLoader(ForkedBooter.java:203)
	at org.apache.maven.surefire.booter.ForkedBooter.runSuitesInProcess(ForkedBooter.java:155)
	at org.apache.maven.surefire.booter.ForkedBooter.main(ForkedBooter.java:103)
</pre></div></td>
<td>15</td>
<td>com.vKyc.Testcases.TC_VideoKyc@3f2a3a5</td></tr>
</table><p>
<table width='100%' border='1' class='invocation-passed'>
<tr><td colspan='4' align='center'><b>PASSED TESTS</b></td></tr>
<tr><td><b>Test method</b></td>
<td width="30%"><b>Exception</b></td>
<td width="10%"><b>Time (seconds)</b></td>
<td><b>Instance</b></td>
</tr>
<tr>
<td title='com.vKyc.Testcases.TC_VideoKyc.checkCaseAvailabilityinApprovedBucket()'><b>checkCaseAvailabilityinApprovedBucket</b><br>Test class: com.vKyc.Testcases.TC_VideoKyc</td>
<td></td>
<td>16</td>
<td>com.vKyc.Testcases.TC_VideoKyc@3f2a3a5</td></tr>
<tr>
<td title='com.vKyc.Testcases.TC_VideoKyc.downloadAndVerifyRecordedVideo()'><b>downloadAndVerifyRecordedVideo</b><br>Test class: com.vKyc.Testcases.TC_VideoKyc</td>
<td></td>
<td>12</td>
<td>com.vKyc.Testcases.TC_VideoKyc@3f2a3a5</td></tr>
<tr>
<td title='com.vKyc.Testcases.TC_VideoKyc.markCaseAsReschedulelater()'><b>markCaseAsReschedulelater</b><br>Test class: com.vKyc.Testcases.TC_VideoKyc</td>
<td></td>
<td>8</td>
<td>com.vKyc.Testcases.TC_VideoKyc@3f2a3a5</td></tr>
<tr>
<td title='com.vKyc.Testcases.TC_VideoKyc.scheduleCaseByAgent()'><b>scheduleCaseByAgent</b><br>Test class: com.vKyc.Testcases.TC_VideoKyc</td>
<td></td>
<td>21</td>
<td>com.vKyc.Testcases.TC_VideoKyc@3f2a3a5</td></tr>
<tr>
<td title='com.vKyc.Testcases.TC_VideoKyc.scheduleCaseByAgentForInlineReschedule()'><b>scheduleCaseByAgentForInlineReschedule</b><br>Test class: com.vKyc.Testcases.TC_VideoKyc</td>
<td></td>
<td>15</td>
<td>com.vKyc.Testcases.TC_VideoKyc@3f2a3a5</td></tr>
<tr>
<td title='com.vKyc.Testcases.TC_VideoKyc.scheduleCaseByAgentForReschedulelater()'><b>scheduleCaseByAgentForReschedulelater</b><br>Test class: com.vKyc.Testcases.TC_VideoKyc</td>
<td></td>
<td>16</td>
<td>com.vKyc.Testcases.TC_VideoKyc@3f2a3a5</td></tr>
<tr>
<td title='com.vKyc.Testcases.TC_VideoKyc.transferCaseByAgent()'><b>transferCaseByAgent</b><br>Test class: com.vKyc.Testcases.TC_VideoKyc</td>
<td></td>
<td>27</td>
<td>com.vKyc.Testcases.TC_VideoKyc@3f2a3a5</td></tr>
<tr>
<td title='com.vKyc.Testcases.TC_VideoKyc.uploadCaseUsingExcel()'><b>uploadCaseUsingExcel</b><br>Test class: com.vKyc.Testcases.TC_VideoKyc</td>
<td></td>
<td>12</td>
<td>com.vKyc.Testcases.TC_VideoKyc@3f2a3a5</td></tr>
<tr>
<td title='com.vKyc.Testcases.TC_VideoKyc.uploadVKycCaseByAdmin()'><b>uploadVKycCaseByAdmin</b><br>Test class: com.vKyc.Testcases.TC_VideoKyc</td>
<td></td>
<td>8</td>
<td>com.vKyc.Testcases.TC_VideoKyc@3f2a3a5</td></tr>
<tr>
<td title='com.vKyc.Testcases.TC_VideoKyc.uploadVKycCaseByAdminForCaseTransfer()'><b>uploadVKycCaseByAdminForCaseTransfer</b><br>Test class: com.vKyc.Testcases.TC_VideoKyc</td>
<td></td>
<td>9</td>
<td>com.vKyc.Testcases.TC_VideoKyc@3f2a3a5</td></tr>
<tr>
<td title='com.vKyc.Testcases.TC_VideoKyc.uploadVKycCaseByAdminForInlineReschedule()'><b>uploadVKycCaseByAdminForInlineReschedule</b><br>Test class: com.vKyc.Testcases.TC_VideoKyc</td>
<td></td>
<td>8</td>
<td>com.vKyc.Testcases.TC_VideoKyc@3f2a3a5</td></tr>
<tr>
<td title='com.vKyc.Testcases.TC_VideoKyc.uploadVKycCaseByAdminForReschedulelater()'><b>uploadVKycCaseByAdminForReschedulelater</b><br>Test class: com.vKyc.Testcases.TC_VideoKyc</td>
<td></td>
<td>9</td>
<td>com.vKyc.Testcases.TC_VideoKyc@3f2a3a5</td></tr>
<tr>
<td title='com.vKyc.Testcases.TC_VideoKyc.vKycProcessByCustomer()'><b>vKycProcessByCustomer</b><br>Test class: com.vKyc.Testcases.TC_VideoKyc</td>
<td></td>
<td>190</td>
<td>com.vKyc.Testcases.TC_VideoKyc@3f2a3a5</td></tr>
<tr>
<td title='com.vKyc.Testcases.TC_VideoKyc.verifyAdhaardataDetailsOnReport()'><b>verifyAdhaardataDetailsOnReport</b><br>Test class: com.vKyc.Testcases.TC_VideoKyc</td>
<td></td>
<td>0</td>
<td>com.vKyc.Testcases.TC_VideoKyc@3f2a3a5</td></tr>
<tr>
<td title='com.vKyc.Testcases.TC_VideoKyc.verifyCallStartAndEndDateOnReport()'><b>verifyCallStartAndEndDateOnReport</b><br>Test class: com.vKyc.Testcases.TC_VideoKyc</td>
<td></td>
<td>0</td>
<td>com.vKyc.Testcases.TC_VideoKyc@3f2a3a5</td></tr>
<tr>
<td title='com.vKyc.Testcases.TC_VideoKyc.verifyCandidateNameonReport()'><b>verifyCandidateNameonReport</b><br>Test class: com.vKyc.Testcases.TC_VideoKyc</td>
<td></td>
<td>0</td>
<td>com.vKyc.Testcases.TC_VideoKyc@3f2a3a5</td></tr>
<tr>
<td title='com.vKyc.Testcases.TC_VideoKyc.verifyCaseAtTransferredAgent()'><b>verifyCaseAtTransferredAgent</b><br>Test class: com.vKyc.Testcases.TC_VideoKyc</td>
<td></td>
<td>8</td>
<td>com.vKyc.Testcases.TC_VideoKyc@3f2a3a5</td></tr>
<tr>
<td title='com.vKyc.Testcases.TC_VideoKyc.verifyCaseAvailabilityInAssignedBucket()'><b>verifyCaseAvailabilityInAssignedBucket</b><br>Test class: com.vKyc.Testcases.TC_VideoKyc</td>
<td></td>
<td>12</td>
<td>com.vKyc.Testcases.TC_VideoKyc@3f2a3a5</td></tr>
<tr>
<td title='com.vKyc.Testcases.TC_VideoKyc.verifyCaseInAssignedBucket()'><b>verifyCaseInAssignedBucket</b><br>Test class: com.vKyc.Testcases.TC_VideoKyc</td>
<td></td>
<td>8</td>
<td>com.vKyc.Testcases.TC_VideoKyc@3f2a3a5</td></tr>
<tr>
<td title='com.vKyc.Testcases.TC_VideoKyc.verifyCaseUploadAtAgentEnd()'><b>verifyCaseUploadAtAgentEnd</b><br>Test class: com.vKyc.Testcases.TC_VideoKyc</td>
<td></td>
<td>7</td>
<td>com.vKyc.Testcases.TC_VideoKyc@3f2a3a5</td></tr>
<tr>
<td title='com.vKyc.Testcases.TC_VideoKyc.verifyFaceMatchScoreOnReport()'><b>verifyFaceMatchScoreOnReport</b><br>Test class: com.vKyc.Testcases.TC_VideoKyc</td>
<td></td>
<td>0</td>
<td>com.vKyc.Testcases.TC_VideoKyc@3f2a3a5</td></tr>
<tr>
<td title='com.vKyc.Testcases.TC_VideoKyc.verifyGeotaggingAddressOnReport()'><b>verifyGeotaggingAddressOnReport</b><br>Test class: com.vKyc.Testcases.TC_VideoKyc</td>
<td></td>
<td>0</td>
<td>com.vKyc.Testcases.TC_VideoKyc@3f2a3a5</td></tr>
<tr>
<td title='com.vKyc.Testcases.TC_VideoKyc.verifyPandataDetailsOnReport()'><b>verifyPandataDetailsOnReport</b><br>Test class: com.vKyc.Testcases.TC_VideoKyc</td>
<td></td>
<td>0</td>
<td>com.vKyc.Testcases.TC_VideoKyc@3f2a3a5</td></tr>
<tr>
<td title='com.vKyc.Testcases.TC_VideoKyc.vkycCaseApprovedByAuditor()'><b>vkycCaseApprovedByAuditor</b><br>Test class: com.vKyc.Testcases.TC_VideoKyc</td>
<td></td>
<td>9</td>
<td>com.vKyc.Testcases.TC_VideoKyc@3f2a3a5</td></tr>
<tr>
<td title='com.vKyc.Testcases.TC_VideoKyc.vkycProcessByAgent()'><b>vkycProcessByAgent</b><br>Test class: com.vKyc.Testcases.TC_VideoKyc</td>
<td></td>
<td>53</td>
<td>com.vKyc.Testcases.TC_VideoKyc@3f2a3a5</td></tr>
</table><p>
<table width='100%' border='1' class='invocation-skipped'>
<tr><td colspan='4' align='center'><b>SKIPPED TESTS</b></td></tr>
<tr><td><b>Test method</b></td>
<td width="30%"><b>Exception</b></td>
<td width="10%"><b>Time (seconds)</b></td>
<td><b>Instance</b></td>
</tr>
<tr>
<td title='com.vKyc.Testcases.TC_VideoKyc.verifyNinetyDaysReportDownloadStatus()'><b>verifyNinetyDaysReportDownloadStatus</b><br>Test class: com.vKyc.Testcases.TC_VideoKyc</td>
<td><div><pre>java.lang.Throwable: Method TC_VideoKyc.verifyNinetyDaysReportDownloadStatus()[pri:18, instance:com.vKyc.Testcases.TC_VideoKyc@3f2a3a5] depends on not successfully finished methods
... Removed 21 stack frames</pre></div><a href='#' onClick='toggleBox("stack-trace1547965072", this, "Click to show all stack frames", "Click to hide stack frames")'>Click to show all stack frames</a>
<div class='stack-trace' id='stack-trace1547965072'><pre>java.lang.Throwable: Method TC_VideoKyc.verifyNinetyDaysReportDownloadStatus()[pri:18, instance:com.vKyc.Testcases.TC_VideoKyc@3f2a3a5] depends on not successfully finished methods
	at org.testng.internal.Invoker.invokeTestMethods(Invoker.java:888)
	at org.testng.internal.TestMethodWorker.invokeTestMethods(TestMethodWorker.java:125)
	at org.testng.internal.TestMethodWorker.run(TestMethodWorker.java:109)
	at org.testng.TestRunner.privateRun(TestRunner.java:648)
	at org.testng.TestRunner.run(TestRunner.java:505)
	at org.testng.SuiteRunner.runTest(SuiteRunner.java:455)
	at org.testng.SuiteRunner.runSequentially(SuiteRunner.java:450)
	at org.testng.SuiteRunner.privateRun(SuiteRunner.java:415)
	at org.testng.SuiteRunner.run(SuiteRunner.java:364)
	at org.testng.SuiteRunnerWorker.runSuite(SuiteRunnerWorker.java:52)
	at org.testng.SuiteRunnerWorker.run(SuiteRunnerWorker.java:84)
	at org.testng.TestNG.runSuitesSequentially(TestNG.java:1208)
	at org.testng.TestNG.runSuitesLocally(TestNG.java:1137)
	at org.testng.TestNG.runSuites(TestNG.java:1049)
	at org.testng.TestNG.run(TestNG.java:1017)
	at org.apache.maven.surefire.testng.TestNGExecutor.run(TestNGExecutor.java:295)
	at org.apache.maven.surefire.testng.TestNGXmlTestSuite.execute(TestNGXmlTestSuite.java:84)
	at org.apache.maven.surefire.testng.TestNGProvider.invoke(TestNGProvider.java:90)
	at org.apache.maven.surefire.booter.ForkedBooter.invokeProviderInSameClassLoader(ForkedBooter.java:203)
	at org.apache.maven.surefire.booter.ForkedBooter.runSuitesInProcess(ForkedBooter.java:155)
	at org.apache.maven.surefire.booter.ForkedBooter.main(ForkedBooter.java:103)
</pre></div></td>
<td>0</td>
<td>null</td></tr>
<tr>
<td title='com.vKyc.Testcases.TC_VideoKyc.verifySevenDaysReportDownloadStatus()'><b>verifySevenDaysReportDownloadStatus</b><br>Test class: com.vKyc.Testcases.TC_VideoKyc</td>
<td><div><pre>java.lang.Throwable: Method TC_VideoKyc.verifySevenDaysReportDownloadStatus()[pri:16, instance:com.vKyc.Testcases.TC_VideoKyc@3f2a3a5] depends on not successfully finished methods
... Removed 21 stack frames</pre></div><a href='#' onClick='toggleBox("stack-trace1943408246", this, "Click to show all stack frames", "Click to hide stack frames")'>Click to show all stack frames</a>
<div class='stack-trace' id='stack-trace1943408246'><pre>java.lang.Throwable: Method TC_VideoKyc.verifySevenDaysReportDownloadStatus()[pri:16, instance:com.vKyc.Testcases.TC_VideoKyc@3f2a3a5] depends on not successfully finished methods
	at org.testng.internal.Invoker.invokeTestMethods(Invoker.java:888)
	at org.testng.internal.TestMethodWorker.invokeTestMethods(TestMethodWorker.java:125)
	at org.testng.internal.TestMethodWorker.run(TestMethodWorker.java:109)
	at org.testng.TestRunner.privateRun(TestRunner.java:648)
	at org.testng.TestRunner.run(TestRunner.java:505)
	at org.testng.SuiteRunner.runTest(SuiteRunner.java:455)
	at org.testng.SuiteRunner.runSequentially(SuiteRunner.java:450)
	at org.testng.SuiteRunner.privateRun(SuiteRunner.java:415)
	at org.testng.SuiteRunner.run(SuiteRunner.java:364)
	at org.testng.SuiteRunnerWorker.runSuite(SuiteRunnerWorker.java:52)
	at org.testng.SuiteRunnerWorker.run(SuiteRunnerWorker.java:84)
	at org.testng.TestNG.runSuitesSequentially(TestNG.java:1208)
	at org.testng.TestNG.runSuitesLocally(TestNG.java:1137)
	at org.testng.TestNG.runSuites(TestNG.java:1049)
	at org.testng.TestNG.run(TestNG.java:1017)
	at org.apache.maven.surefire.testng.TestNGExecutor.run(TestNGExecutor.java:295)
	at org.apache.maven.surefire.testng.TestNGXmlTestSuite.execute(TestNGXmlTestSuite.java:84)
	at org.apache.maven.surefire.testng.TestNGProvider.invoke(TestNGProvider.java:90)
	at org.apache.maven.surefire.booter.ForkedBooter.invokeProviderInSameClassLoader(ForkedBooter.java:203)
	at org.apache.maven.surefire.booter.ForkedBooter.runSuitesInProcess(ForkedBooter.java:155)
	at org.apache.maven.surefire.booter.ForkedBooter.main(ForkedBooter.java:103)
</pre></div></td>
<td>0</td>
<td>null</td></tr>
<tr>
<td title='com.vKyc.Testcases.TC_VideoKyc.verifyThirtyDaysReportDownloadStatus()'><b>verifyThirtyDaysReportDownloadStatus</b><br>Test class: com.vKyc.Testcases.TC_VideoKyc</td>
<td><div><pre>java.lang.Throwable: Method TC_VideoKyc.verifyThirtyDaysReportDownloadStatus()[pri:17, instance:com.vKyc.Testcases.TC_VideoKyc@3f2a3a5] depends on not successfully finished methods
... Removed 21 stack frames</pre></div><a href='#' onClick='toggleBox("stack-trace620261614", this, "Click to show all stack frames", "Click to hide stack frames")'>Click to show all stack frames</a>
<div class='stack-trace' id='stack-trace620261614'><pre>java.lang.Throwable: Method TC_VideoKyc.verifyThirtyDaysReportDownloadStatus()[pri:17, instance:com.vKyc.Testcases.TC_VideoKyc@3f2a3a5] depends on not successfully finished methods
	at org.testng.internal.Invoker.invokeTestMethods(Invoker.java:888)
	at org.testng.internal.TestMethodWorker.invokeTestMethods(TestMethodWorker.java:125)
	at org.testng.internal.TestMethodWorker.run(TestMethodWorker.java:109)
	at org.testng.TestRunner.privateRun(TestRunner.java:648)
	at org.testng.TestRunner.run(TestRunner.java:505)
	at org.testng.SuiteRunner.runTest(SuiteRunner.java:455)
	at org.testng.SuiteRunner.runSequentially(SuiteRunner.java:450)
	at org.testng.SuiteRunner.privateRun(SuiteRunner.java:415)
	at org.testng.SuiteRunner.run(SuiteRunner.java:364)
	at org.testng.SuiteRunnerWorker.runSuite(SuiteRunnerWorker.java:52)
	at org.testng.SuiteRunnerWorker.run(SuiteRunnerWorker.java:84)
	at org.testng.TestNG.runSuitesSequentially(TestNG.java:1208)
	at org.testng.TestNG.runSuitesLocally(TestNG.java:1137)
	at org.testng.TestNG.runSuites(TestNG.java:1049)
	at org.testng.TestNG.run(TestNG.java:1017)
	at org.apache.maven.surefire.testng.TestNGExecutor.run(TestNGExecutor.java:295)
	at org.apache.maven.surefire.testng.TestNGXmlTestSuite.execute(TestNGXmlTestSuite.java:84)
	at org.apache.maven.surefire.testng.TestNGProvider.invoke(TestNGProvider.java:90)
	at org.apache.maven.surefire.booter.ForkedBooter.invokeProviderInSameClassLoader(ForkedBooter.java:203)
	at org.apache.maven.surefire.booter.ForkedBooter.runSuitesInProcess(ForkedBooter.java:155)
	at org.apache.maven.surefire.booter.ForkedBooter.main(ForkedBooter.java:103)
</pre></div></td>
<td>0</td>
<td>null</td></tr>
</table><p>
</body>
</html>