<?xml version="1.0" encoding="UTF-8"?>
<!-- Generated by org.testng.reporters.JUnitXMLReporter -->
<testsuite hostname="ARS-NBT-LAP" ignored="2" name="vPdProcess" tests="26" failures="6" timestamp="14 Jun 2022 12:24:09 GMT" time="881.408" errors="0">
  <testcase name="uploadVpdCaseByAdmin" time="8.201" classname="com.vKyc.Testcases.TC_VPD"/>
  <testcase name="verifyCaseInAssignedBucket" time="11.796" classname="com.vKyc.Testcases.TC_VPD"/>
  <testcase name="scheduleCaseByAuditor" time="19.757" classname="com.vKyc.Testcases.TC_VPD"/>
  <testcase name="verifyVPDlinkReceivedByCustomer" time="105.492" classname="com.vKyc.Testcases.TC_VPD"/>
  <testcase name="submitDocumentsAndStartVptByCustomer" time="180.626" classname="com.vKyc.Testcases.TC_VPD">
    <failure type="org.openqa.selenium.TimeoutException" message="Expected condition failed: waiting for visibility of Proxy element for: DefaultElementLocator &amp;apos;By.xpath: //label[@for=&amp;apos;customField-0&amp;apos;]&amp;apos; (tried for 120 second(s) with 500 milliseconds interval)">
      <![CDATA[org.openqa.selenium.TimeoutException: Expected condition failed: waiting for visibility of Proxy element for: DefaultElementLocator 'By.xpath: //label[@for='customField-0']' (tried for 120 second(s) with 500 milliseconds interval)
at org.openqa.selenium.support.ui.WebDriverWait.timeoutException(WebDriverWait.java:113)
at org.openqa.selenium.support.ui.FluentWait.until(FluentWait.java:283)
at com.vKyc.Pageobject.VPD.submitDocuments(VPD.java:546)
at com.vKyc.Testcases.TC_VPD.submitDocumentsAndStartVptByCustomer(TC_VPD.java:134)
Caused by: org.openqa.selenium.NoSuchElementException: no such element: Unable to locate element: {"method":"xpath","selector":"//label[@for='customField-0']"}
  (Session info: chrome=100.0.4896.60)
For documentation on this error, please visit: http://seleniumhq.org/exceptions/no_such_element.html
Build info: version: '3.14.0', revision: 'aacccce0', time: '2018-08-02T20:19:58.91Z'
System info: host: 'ARS-NBT-LAP', ip: '127.0.1.1', os.name: 'Linux', os.arch: 'amd64', os.version: '4.15.0-142-generic', java.version: '1.8.0_292'
Driver info: org.openqa.selenium.chrome.ChromeDriver
Capabilities {acceptInsecureCerts: false, browserName: chrome, browserVersion: 100.0.4896.60, chrome: {chromedriverVersion: 100.0.4896.60 (6a5d10861ce8..., userDataDir: /tmp/.com.google.Chrome.8QwBKR}, goog:chromeOptions: {debuggerAddress: localhost:37453}, javascriptEnabled: true, networkConnectionEnabled: false, pageLoadStrategy: normal, platform: LINUX, platformName: LINUX, proxy: Proxy(), setWindowRect: true, strictFileInteractability: false, timeouts: {implicit: 0, pageLoad: 300000, script: 30000}, unhandledPromptBehavior: dismiss and notify, webauthn:extension:credBlob: true, webauthn:extension:largeBlob: true, webauthn:virtualAuthenticators: true}
Session ID: 3db2a74e92d3e9936e003e2facd8fa22
*** Element info: {Using=xpath, value=//label[@for='customField-0']}
at org.openqa.selenium.remote.http.W3CHttpResponseCodec.createException(W3CHttpResponseCodec.java:187)
at org.openqa.selenium.remote.http.W3CHttpResponseCodec.decode(W3CHttpResponseCodec.java:122)
at org.openqa.selenium.remote.http.W3CHttpResponseCodec.decode(W3CHttpResponseCodec.java:49)
at org.openqa.selenium.remote.HttpCommandExecutor.execute(HttpCommandExecutor.java:158)
at org.openqa.selenium.remote.service.DriverCommandExecutor.execute(DriverCommandExecutor.java:83)
at org.openqa.selenium.remote.RemoteWebDriver.execute(RemoteWebDriver.java:548)
at org.openqa.selenium.remote.RemoteWebDriver.findElement(RemoteWebDriver.java:322)
at org.openqa.selenium.remote.RemoteWebDriver.findElementByXPath(RemoteWebDriver.java:424)
at org.openqa.selenium.By$ByXPath.findElement(By.java:353)
at org.openqa.selenium.remote.RemoteWebDriver.findElement(RemoteWebDriver.java:314)
at org.openqa.selenium.support.pagefactory.DefaultElementLocator.findElement(DefaultElementLocator.java:69)
at org.openqa.selenium.support.pagefactory.internal.LocatingElementHandler.invoke(LocatingElementHandler.java:38)
at com.sun.proxy.$Proxy9.isDisplayed(Unknown Source)
at org.openqa.selenium.support.ui.ExpectedConditions.elementIfVisible(ExpectedConditions.java:315)
at org.openqa.selenium.support.ui.ExpectedConditions.access$100(ExpectedConditions.java:44)
at org.openqa.selenium.support.ui.ExpectedConditions$10.apply(ExpectedConditions.java:301)
at org.openqa.selenium.support.ui.ExpectedConditions$10.apply(ExpectedConditions.java:298)
at org.openqa.selenium.support.ui.FluentWait.until(FluentWait.java:260)
... 30 more
... Removed 32 stack frames]]>
    </failure>
  </testcase> <!-- submitDocumentsAndStartVptByCustomer -->
  <testcase name="completeCaseByAuditor" time="0.0" classname="com.vKyc.Testcases.TC_VPD">
    <skipped/>
  </testcase> <!-- completeCaseByAuditor -->
  <testcase name="markCaseAsApprovedByAuditor" time="0.0" classname="com.vKyc.Testcases.TC_VPD">
    <skipped/>
  </testcase> <!-- markCaseAsApprovedByAuditor -->
  <testcase name="downloadAndVerifyReport" time="0.0" classname="com.vKyc.Testcases.TC_VPD">
    <skipped/>
  </testcase> <!-- downloadAndVerifyReport -->
  <testcase name="verifyCustomerName" time="0.0" classname="com.vKyc.Testcases.TC_VPD">
    <skipped/>
  </testcase> <!-- verifyCustomerName -->
  <testcase name="verifyCallStartDate" time="0.001" classname="com.vKyc.Testcases.TC_VPD">
    <failure type="java.lang.NullPointerException">
      <![CDATA[java.lang.NullPointerException
at com.vKyc.Testcases.TC_VPD.verifyCallStartDate(TC_VPD.java:297)
... Removed 28 stack frames]]>
    </failure>
  </testcase> <!-- verifyCallStartDate -->
  <testcase name="verifyGeoTagAddress" time="0.001" classname="com.vKyc.Testcases.TC_VPD">
    <failure type="java.lang.NullPointerException">
      <![CDATA[java.lang.NullPointerException
at com.vKyc.Testcases.TC_VPD.verifyGeoTagAddress(TC_VPD.java:312)
... Removed 28 stack frames]]>
    </failure>
  </testcase> <!-- verifyGeoTagAddress -->
  <testcase name="downloadAndVerifyRecordedVideo" time="20.306" classname="com.vKyc.Testcases.TC_VPD"/>
  <testcase name="checkCaseAvailabilityinApprovedBucket" time="20.257" classname="com.vKyc.Testcases.TC_VPD">
    <failure type="java.lang.AssertionError" message="expected [true] but found [false]">
      <![CDATA[java.lang.AssertionError: expected [true] but found [false]
at com.vKyc.Testcases.TC_VPD.checkCaseAvailabilityinApprovedBucket(TC_VPD.java:362)
... Removed 32 stack frames]]>
    </failure>
  </testcase> <!-- checkCaseAvailabilityinApprovedBucket -->
  <testcase name="uploadVpdCaseByAdminForRejectingByAuditor" time="14.71" classname="com.vKyc.Testcases.TC_VPD"/>
  <testcase name="scheduleCaseByAuditorForRejectByAuditor" time="21.574" classname="com.vKyc.Testcases.TC_VPD"/>
  <testcase name="vpdProcessByCustomerForRejectByAuditor" time="103.747" classname="com.vKyc.Testcases.TC_VPD"/>
  <testcase name="submitDocumentsAndStartVptByCustomerForRejectByAuditor" time="180.61" classname="com.vKyc.Testcases.TC_VPD">
    <failure type="org.openqa.selenium.TimeoutException" message="Expected condition failed: waiting for visibility of Proxy element for: DefaultElementLocator &amp;apos;By.xpath: //label[@for=&amp;apos;customField-0&amp;apos;]&amp;apos; (tried for 120 second(s) with 500 milliseconds interval)">
      <![CDATA[org.openqa.selenium.TimeoutException: Expected condition failed: waiting for visibility of Proxy element for: DefaultElementLocator 'By.xpath: //label[@for='customField-0']' (tried for 120 second(s) with 500 milliseconds interval)
at org.openqa.selenium.support.ui.WebDriverWait.timeoutException(WebDriverWait.java:113)
at org.openqa.selenium.support.ui.FluentWait.until(FluentWait.java:283)
at com.vKyc.Pageobject.VPD.submitDocuments(VPD.java:546)
at com.vKyc.Testcases.TC_VPD.submitDocumentsAndStartVptByCustomerForRejectByAuditor(TC_VPD.java:502)
Caused by: org.openqa.selenium.NoSuchElementException: no such element: Unable to locate element: {"method":"xpath","selector":"//label[@for='customField-0']"}
  (Session info: chrome=100.0.4896.60)
For documentation on this error, please visit: http://seleniumhq.org/exceptions/no_such_element.html
Build info: version: '3.14.0', revision: 'aacccce0', time: '2018-08-02T20:19:58.91Z'
System info: host: 'ARS-NBT-LAP', ip: '127.0.1.1', os.name: 'Linux', os.arch: 'amd64', os.version: '4.15.0-142-generic', java.version: '1.8.0_292'
Driver info: org.openqa.selenium.chrome.ChromeDriver
Capabilities {acceptInsecureCerts: false, browserName: chrome, browserVersion: 100.0.4896.60, chrome: {chromedriverVersion: 100.0.4896.60 (6a5d10861ce8..., userDataDir: /tmp/.com.google.Chrome.8QwBKR}, goog:chromeOptions: {debuggerAddress: localhost:37453}, javascriptEnabled: true, networkConnectionEnabled: false, pageLoadStrategy: normal, platform: LINUX, platformName: LINUX, proxy: Proxy(), setWindowRect: true, strictFileInteractability: false, timeouts: {implicit: 0, pageLoad: 300000, script: 30000}, unhandledPromptBehavior: dismiss and notify, webauthn:extension:credBlob: true, webauthn:extension:largeBlob: true, webauthn:virtualAuthenticators: true}
Session ID: 3db2a74e92d3e9936e003e2facd8fa22
*** Element info: {Using=xpath, value=//label[@for='customField-0']}
at org.openqa.selenium.remote.http.W3CHttpResponseCodec.createException(W3CHttpResponseCodec.java:187)
at org.openqa.selenium.remote.http.W3CHttpResponseCodec.decode(W3CHttpResponseCodec.java:122)
at org.openqa.selenium.remote.http.W3CHttpResponseCodec.decode(W3CHttpResponseCodec.java:49)
at org.openqa.selenium.remote.HttpCommandExecutor.execute(HttpCommandExecutor.java:158)
at org.openqa.selenium.remote.service.DriverCommandExecutor.execute(DriverCommandExecutor.java:83)
at org.openqa.selenium.remote.RemoteWebDriver.execute(RemoteWebDriver.java:548)
at org.openqa.selenium.remote.RemoteWebDriver.findElement(RemoteWebDriver.java:322)
at org.openqa.selenium.remote.RemoteWebDriver.findElementByXPath(RemoteWebDriver.java:424)
at org.openqa.selenium.By$ByXPath.findElement(By.java:353)
at org.openqa.selenium.remote.RemoteWebDriver.findElement(RemoteWebDriver.java:314)
at org.openqa.selenium.support.pagefactory.DefaultElementLocator.findElement(DefaultElementLocator.java:69)
at org.openqa.selenium.support.pagefactory.internal.LocatingElementHandler.invoke(LocatingElementHandler.java:38)
at com.sun.proxy.$Proxy9.isDisplayed(Unknown Source)
at org.openqa.selenium.support.ui.ExpectedConditions.elementIfVisible(ExpectedConditions.java:315)
at org.openqa.selenium.support.ui.ExpectedConditions.access$100(ExpectedConditions.java:44)
at org.openqa.selenium.support.ui.ExpectedConditions$10.apply(ExpectedConditions.java:301)
at org.openqa.selenium.support.ui.ExpectedConditions$10.apply(ExpectedConditions.java:298)
at org.openqa.selenium.support.ui.FluentWait.until(FluentWait.java:260)
... 30 more
... Removed 32 stack frames]]>
    </failure>
  </testcase> <!-- submitDocumentsAndStartVptByCustomerForRejectByAuditor -->
  <testcase name="completeCaseByAuditorForRejectByAuditor" time="0.0" classname="com.vKyc.Testcases.TC_VPD">
    <skipped/>
  </testcase> <!-- completeCaseByAuditorForRejectByAuditor -->
  <testcase name="vpdCaseRejectedByAuditor" time="0.0" classname="com.vKyc.Testcases.TC_VPD">
    <skipped/>
  </testcase> <!-- vpdCaseRejectedByAuditor -->
  <testcase name="checkCaseAvailabilityinRejectedBucket" time="0.0" classname="com.vKyc.Testcases.TC_VPD">
    <skipped/>
  </testcase> <!-- checkCaseAvailabilityinRejectedBucket -->
  <testcase name="uploadVpdCaseByAdminForReAssignByAuditor" time="189.453" classname="com.vKyc.Testcases.TC_VPD">
    <failure type="org.openqa.selenium.TimeoutException" message="Expected condition failed: waiting for visibility of Proxy element for: DefaultElementLocator &amp;apos;By.xpath: //*[@id=&amp;apos;Check_Pad&amp;apos;]&amp;apos; (tried for 120 second(s) with 500 milliseconds interval)">
      <![CDATA[org.openqa.selenium.TimeoutException: Expected condition failed: waiting for visibility of Proxy element for: DefaultElementLocator 'By.xpath: //*[@id='Check_Pad']' (tried for 120 second(s) with 500 milliseconds interval)
at org.openqa.selenium.support.ui.WebDriverWait.timeoutException(WebDriverWait.java:113)
at org.openqa.selenium.support.ui.FluentWait.until(FluentWait.java:283)
at com.vKyc.Pageobject.VPD.uploadCase(VPD.java:373)
at com.vKyc.Testcases.TC_VPD.uploadVpdCaseByAdminForReAssignByAuditor(TC_VPD.java:647)
Caused by: org.openqa.selenium.NoSuchElementException: no such element: Unable to locate element: {"method":"xpath","selector":"//*[@id='Check_Pad']"}
  (Session info: chrome=100.0.4896.60)
For documentation on this error, please visit: http://seleniumhq.org/exceptions/no_such_element.html
Build info: version: '3.14.0', revision: 'aacccce0', time: '2018-08-02T20:19:58.91Z'
System info: host: 'ARS-NBT-LAP', ip: '127.0.1.1', os.name: 'Linux', os.arch: 'amd64', os.version: '4.15.0-142-generic', java.version: '1.8.0_292'
Driver info: org.openqa.selenium.chrome.ChromeDriver
Capabilities {acceptInsecureCerts: false, browserName: chrome, browserVersion: 100.0.4896.60, chrome: {chromedriverVersion: 100.0.4896.60 (6a5d10861ce8..., userDataDir: /tmp/.com.google.Chrome.8QwBKR}, goog:chromeOptions: {debuggerAddress: localhost:37453}, javascriptEnabled: true, networkConnectionEnabled: false, pageLoadStrategy: normal, platform: LINUX, platformName: LINUX, proxy: Proxy(), setWindowRect: true, strictFileInteractability: false, timeouts: {implicit: 0, pageLoad: 300000, script: 30000}, unhandledPromptBehavior: dismiss and notify, webauthn:extension:credBlob: true, webauthn:extension:largeBlob: true, webauthn:virtualAuthenticators: true}
Session ID: 3db2a74e92d3e9936e003e2facd8fa22
*** Element info: {Using=xpath, value=//*[@id='Check_Pad']}
at org.openqa.selenium.remote.http.W3CHttpResponseCodec.createException(W3CHttpResponseCodec.java:187)
at org.openqa.selenium.remote.http.W3CHttpResponseCodec.decode(W3CHttpResponseCodec.java:122)
at org.openqa.selenium.remote.http.W3CHttpResponseCodec.decode(W3CHttpResponseCodec.java:49)
at org.openqa.selenium.remote.HttpCommandExecutor.execute(HttpCommandExecutor.java:158)
at org.openqa.selenium.remote.service.DriverCommandExecutor.execute(DriverCommandExecutor.java:83)
at org.openqa.selenium.remote.RemoteWebDriver.execute(RemoteWebDriver.java:548)
at org.openqa.selenium.remote.RemoteWebDriver.findElement(RemoteWebDriver.java:322)
at org.openqa.selenium.remote.RemoteWebDriver.findElementByXPath(RemoteWebDriver.java:424)
at org.openqa.selenium.By$ByXPath.findElement(By.java:353)
at org.openqa.selenium.remote.RemoteWebDriver.findElement(RemoteWebDriver.java:314)
at org.openqa.selenium.support.pagefactory.DefaultElementLocator.findElement(DefaultElementLocator.java:69)
at org.openqa.selenium.support.pagefactory.internal.LocatingElementHandler.invoke(LocatingElementHandler.java:38)
at com.sun.proxy.$Proxy9.isDisplayed(Unknown Source)
at org.openqa.selenium.support.ui.ExpectedConditions.elementIfVisible(ExpectedConditions.java:315)
at org.openqa.selenium.support.ui.ExpectedConditions.access$100(ExpectedConditions.java:44)
at org.openqa.selenium.support.ui.ExpectedConditions$10.apply(ExpectedConditions.java:301)
at org.openqa.selenium.support.ui.ExpectedConditions$10.apply(ExpectedConditions.java:298)
at org.openqa.selenium.support.ui.FluentWait.until(FluentWait.java:260)
... 30 more
... Removed 31 stack frames]]>
    </failure>
  </testcase> <!-- uploadVpdCaseByAdminForReAssignByAuditor -->
  <testcase name="scheduleCaseByAuditorForReassignByAuditor" time="0.0" classname="com.vKyc.Testcases.TC_VPD">
    <skipped/>
  </testcase> <!-- scheduleCaseByAuditorForReassignByAuditor -->
  <testcase name="vpdProcessByCustomerForReassignByAuditor" time="0.0" classname="com.vKyc.Testcases.TC_VPD">
    <skipped/>
  </testcase> <!-- vpdProcessByCustomerForReassignByAuditor -->
  <testcase name="submitDocumentsAndStartVptByCustomerForReassignByAuditor" time="0.0" classname="com.vKyc.Testcases.TC_VPD">
    <skipped/>
  </testcase> <!-- submitDocumentsAndStartVptByCustomerForReassignByAuditor -->
  <testcase name="completeCaseByAuditorForReassignByAuditor" time="0.0" classname="com.vKyc.Testcases.TC_VPD">
    <skipped/>
  </testcase> <!-- completeCaseByAuditorForReassignByAuditor -->
  <testcase name="vpdCaseReAssignByAuditor" time="0.0" classname="com.vKyc.Testcases.TC_VPD">
    <skipped/>
  </testcase> <!-- vpdCaseReAssignByAuditor -->
  <testcase name="verifyCaseUploadAtAuditorEnd" time="0.0" classname="com.vKyc.Testcases.TC_VPD">
    <ignored/>
  </testcase> <!-- verifyCaseUploadAtAuditorEnd -->
  <testcase name="uploadCaseUsingExcel" time="0.0" classname="com.vKyc.Testcases.TC_VPD">
    <ignored/>
  </testcase> <!-- uploadCaseUsingExcel -->
</testsuite> <!-- vPdProcess -->
