<!DOCTYPE html PUBLIC "-//W3C//DTD XHTML 1.1//EN" "http://www.w3.org/TR/xhtml11/DTD/xhtml11.dtd">
<html xmlns="http://www.w3.org/1999/xhtml">
<head>
<meta http-equiv="content-type" content="text/html; charset=UTF-8"/>
<title>TestNG Report</title>
<style type="text/css">table {margin-bottom:10px;border-collapse:collapse;empty-cells:show}th,td {border:1px solid #009;padding:.25em .5em}th {vertical-align:bottom}td {vertical-align:top}table a {font-weight:bold}.stripe td {background-color: #E6EBF9}.num {text-align:right}.passedodd td {background-color: #3F3}.passedeven td {background-color: #0A0}.skippedodd td {background-color: #DDD}.skippedeven td {background-color: #CCC}.failedodd td,.attn {background-color: #F33}.failedeven td,.stripe .attn {background-color: #D00}.stacktrace {white-space:pre;font-family:monospace}.totop {font-size:85%;text-align:center;border-bottom:2px solid #000}.invisible {display:none}</style>
</head>
<body>
<table>
<tr><th>Test</th><th># Passed</th><th># Skipped</th><th># Failed</th><th>Time (ms)</th><th>Included Groups</th><th>Excluded Groups</th></tr>
<tr><th colspan="7">VideoKyc</th></tr>
<tr><td><a href="#t0">vPdProcess</a></td><td class="num">0</td><td class="num attn">19</td><td class="num attn">7</td><td class="num">272,221</td><td></td><td></td></tr>
</table>
<table id='summary'><thead><tr><th>Class</th><th>Method</th><th>Start</th><th>Time (ms)</th></tr></thead><tbody><tr><th colspan="4">VideoKyc</th></tr></tbody><tbody id="t0"><tr><th colspan="4">vPdProcess &#8212; failed</th></tr><tr class="failedeven"><td rowspan="7">com.vKyc.Testcases.TC_VPD</td><td><a href="#m0">checkCaseAvailabilityinApprovedBucket</a></td><td rowspan="1">1647959059897</td><td rowspan="1">9</td></tr><tr class="failedeven"><td><a href="#m1">downloadAndVerifyRecordedVideo</a></td><td rowspan="1">1647958977564</td><td rowspan="1">82327</td></tr><tr class="failedeven"><td><a href="#m2">uploadVpdCaseByAdmin</a></td><td rowspan="1">1647958793967</td><td rowspan="1">183561</td></tr><tr class="failedeven"><td><a href="#m3">uploadVpdCaseByAdminForReAssignByAuditor</a></td><td rowspan="1">1647959059945</td><td rowspan="1">15</td></tr><tr class="failedeven"><td><a href="#m4">uploadVpdCaseByAdminForRejectingByAuditor</a></td><td rowspan="1">1647959059909</td><td rowspan="1">19</td></tr><tr class="failedeven"><td><a href="#m5">verifyCallStartDate</a></td><td rowspan="1">1647958977555</td><td rowspan="1">1</td></tr><tr class="failedeven"><td><a href="#m6">verifyGeoTagAddress</a></td><td rowspan="1">1647958977558</td><td rowspan="1">4</td></tr><tr><th colspan="4">vPdProcess &#8212; skipped</th></tr><tr class="skippedeven"><td rowspan="19">com.vKyc.Testcases.TC_VPD</td><td><a href="#m7">checkCaseAvailabilityinRejectedBucket</a></td><td rowspan="1">1647959059944</td><td rowspan="1">0</td></tr><tr class="skippedeven"><td><a href="#m8">completeCaseByAuditor</a></td><td rowspan="1">1647958977551</td><td rowspan="1">0</td></tr><tr class="skippedeven"><td><a href="#m9">completeCaseByAuditorForReassignByAuditor</a></td><td rowspan="1">1647959059969</td><td rowspan="1">0</td></tr><tr class="skippedeven"><td><a href="#m10">completeCaseByAuditorForRejectByAuditor</a></td><td rowspan="1">1647959059940</td><td rowspan="1">0</td></tr><tr class="skippedeven"><td><a href="#m11">downloadAndVerifyReport</a></td><td rowspan="1">1647958977553</td><td rowspan="1">0</td></tr><tr class="skippedeven"><td><a href="#m12">markCaseAsApprovedByAuditor</a></td><td rowspan="1">1647958977552</td><td rowspan="1">0</td></tr><tr class="skippedeven"><td><a href="#m13">scheduleCaseByAuditor</a></td><td rowspan="1">1647958977548</td><td rowspan="1">0</td></tr><tr class="skippedeven"><td><a href="#m14">scheduleCaseByAuditorForReassignByAuditor</a></td><td rowspan="1">1647959059962</td><td rowspan="1">0</td></tr><tr class="skippedeven"><td><a href="#m15">scheduleCaseByAuditorForRejectByAuditor</a></td><td rowspan="1">1647959059934</td><td rowspan="1">0</td></tr><tr class="skippedeven"><td><a href="#m16">submitDocumentsAndStartVptByCustomer</a></td><td rowspan="1">1647958977550</td><td rowspan="1">0</td></tr><tr class="skippedeven"><td><a href="#m17">submitDocumentsAndStartVptByCustomerForReassignByAuditor</a></td><td rowspan="1">1647959059967</td><td rowspan="1">0</td></tr><tr class="skippedeven"><td><a href="#m18">submitDocumentsAndStartVptByCustomerForRejectByAuditor</a></td><td rowspan="1">1647959059939</td><td rowspan="1">0</td></tr><tr class="skippedeven"><td><a href="#m19">verifyCaseInAssignedBucket</a></td><td rowspan="1">1647958977547</td><td rowspan="1">0</td></tr><tr class="skippedeven"><td><a href="#m20">verifyCustomerName</a></td><td rowspan="1">1647958977554</td><td rowspan="1">0</td></tr><tr class="skippedeven"><td><a href="#m21">vpdCaseReAssignByAuditor</a></td><td rowspan="1">1647959059971</td><td rowspan="1">0</td></tr><tr class="skippedeven"><td><a href="#m22">vpdCaseRejectedByAuditor</a></td><td rowspan="1">1647959059942</td><td rowspan="1">0</td></tr><tr class="skippedeven"><td><a href="#m23">vpdProcessByCustomer</a></td><td rowspan="1">1647958977549</td><td rowspan="1">0</td></tr><tr class="skippedeven"><td><a href="#m24">vpdProcessByCustomerForReassignByAuditor</a></td><td rowspan="1">1647959059964</td><td rowspan="1">0</td></tr><tr class="skippedeven"><td><a href="#m25">vpdProcessByCustomerForRejectByAuditor</a></td><td rowspan="1">1647959059937</td><td rowspan="1">0</td></tr></tbody>
</table>
<h2>vPdProcess</h2><h3 id="m0">com.vKyc.Testcases.TC_VPD#checkCaseAvailabilityinApprovedBucket</h3><table class="result"><tr><th>Exception</th></tr><tr><td><div class="stacktrace">org.openqa.selenium.WebDriverException: chrome not reachable
  (Session info: chrome=91.0.4472.101)
Build info: version: &apos;3.14.0&apos;, revision: &apos;aacccce0&apos;, time: &apos;2018-08-02T20:19:58.91Z&apos;
System info: host: &apos;ARS-NBT-LAP&apos;, ip: &apos;127.0.1.1&apos;, os.name: &apos;Linux&apos;, os.arch: &apos;amd64&apos;, os.version: &apos;4.15.0-142-generic&apos;, java.version: &apos;1.8.0_292&apos;
Driver info: org.openqa.selenium.chrome.ChromeDriver
Capabilities {acceptInsecureCerts: false, browserName: chrome, browserVersion: 91.0.4472.101, chrome: {chromedriverVersion: 91.0.4472.19 (1bf021f248676..., userDataDir: /tmp/.com.google.Chrome.nBoH7P}, goog:chromeOptions: {debuggerAddress: localhost:41251}, javascriptEnabled: true, networkConnectionEnabled: false, pageLoadStrategy: normal, platform: LINUX, platformName: LINUX, proxy: Proxy(), setWindowRect: true, strictFileInteractability: false, timeouts: {implicit: 0, pageLoad: 300000, script: 30000}, unhandledPromptBehavior: dismiss and notify, webauthn:extension:largeBlob: true, webauthn:virtualAuthenticators: true}
Session ID: 0892b3a814e50c616bad2b91b744ee82
	at org.openqa.selenium.remote.http.W3CHttpResponseCodec.createException(W3CHttpResponseCodec.java:187)
	at org.openqa.selenium.remote.http.W3CHttpResponseCodec.decode(W3CHttpResponseCodec.java:122)
	at org.openqa.selenium.remote.http.W3CHttpResponseCodec.decode(W3CHttpResponseCodec.java:49)
	at org.openqa.selenium.remote.HttpCommandExecutor.execute(HttpCommandExecutor.java:158)
	at org.openqa.selenium.remote.service.DriverCommandExecutor.execute(DriverCommandExecutor.java:83)
	at org.openqa.selenium.remote.RemoteWebDriver.execute(RemoteWebDriver.java:548)
	at org.openqa.selenium.remote.RemoteWebDriver.execute(RemoteWebDriver.java:605)
	at org.openqa.selenium.remote.RemoteWebDriver.getWindowHandles(RemoteWebDriver.java:456)
	at com.vKyc.Testcases.TC_VPD.checkCaseAvailabilityinApprovedBucket(TC_VPD.java:350)
... Removed 32 stack frames</div></td></tr></table><p class="totop"><a href="#summary">back to summary</a></p>
<h3 id="m1">com.vKyc.Testcases.TC_VPD#downloadAndVerifyRecordedVideo</h3><table class="result"><tr><th>Exception</th></tr><tr><td><div class="stacktrace">java.lang.NullPointerException
	at org.openqa.selenium.support.pagefactory.internal.LocatingElementHandler.invoke(LocatingElementHandler.java:51)
	at com.sun.proxy.$Proxy9.isDisplayed(Unknown Source)
	at org.openqa.selenium.support.ui.ExpectedConditions.elementIfVisible(ExpectedConditions.java:315)
	at org.openqa.selenium.support.ui.ExpectedConditions.access$100(ExpectedConditions.java:44)
	at org.openqa.selenium.support.ui.ExpectedConditions$10.apply(ExpectedConditions.java:301)
	at org.openqa.selenium.support.ui.ExpectedConditions$10.apply(ExpectedConditions.java:298)
	at org.openqa.selenium.support.ui.ExpectedConditions$23.apply(ExpectedConditions.java:686)
	at org.openqa.selenium.support.ui.ExpectedConditions$23.apply(ExpectedConditions.java:682)
	at org.openqa.selenium.support.ui.FluentWait.until(FluentWait.java:260)
	at com.vKyc.Pageobject.VPD.getDownloadVideoUrlStatusCode(VPD.java:1126)
	at com.vKyc.Testcases.TC_VPD.downloadAndVerifyRecordedVideo(TC_VPD.java:336)
... Removed 32 stack frames</div></td></tr></table><p class="totop"><a href="#summary">back to summary</a></p>
<h3 id="m2">com.vKyc.Testcases.TC_VPD#uploadVpdCaseByAdmin</h3><table class="result"><tr><th>Exception</th></tr><tr><td><div class="stacktrace">org.openqa.selenium.TimeoutException: Expected condition failed: waiting for visibility of Proxy element for: DefaultElementLocator &apos;By.xpath: //*[@id=&apos;Check_Pad&apos;]&apos; (tried for 120 second(s) with 500 milliseconds interval)
	at org.openqa.selenium.support.ui.WebDriverWait.timeoutException(WebDriverWait.java:113)
	at org.openqa.selenium.support.ui.FluentWait.until(FluentWait.java:283)
	at com.vKyc.Pageobject.VPD.uploadCase(VPD.java:373)
	at com.vKyc.Testcases.TC_VPD.uploadVpdCaseByAdmin(TC_VPD.java:46)
Caused by: org.openqa.selenium.NoSuchElementException: no such element: Unable to locate element: {&quot;method&quot;:&quot;xpath&quot;,&quot;selector&quot;:&quot;//*[@id=&apos;Check_Pad&apos;]&quot;}
  (Session info: chrome=91.0.4472.101)
For documentation on this error, please visit: http://seleniumhq.org/exceptions/no_such_element.html
Build info: version: &apos;3.14.0&apos;, revision: &apos;aacccce0&apos;, time: &apos;2018-08-02T20:19:58.91Z&apos;
System info: host: &apos;ARS-NBT-LAP&apos;, ip: &apos;127.0.1.1&apos;, os.name: &apos;Linux&apos;, os.arch: &apos;amd64&apos;, os.version: &apos;4.15.0-142-generic&apos;, java.version: &apos;1.8.0_292&apos;
Driver info: org.openqa.selenium.chrome.ChromeDriver
Capabilities {acceptInsecureCerts: false, browserName: chrome, browserVersion: 91.0.4472.101, chrome: {chromedriverVersion: 91.0.4472.19 (1bf021f248676..., userDataDir: /tmp/.com.google.Chrome.nBoH7P}, goog:chromeOptions: {debuggerAddress: localhost:41251}, javascriptEnabled: true, networkConnectionEnabled: false, pageLoadStrategy: normal, platform: LINUX, platformName: LINUX, proxy: Proxy(), setWindowRect: true, strictFileInteractability: false, timeouts: {implicit: 0, pageLoad: 300000, script: 30000}, unhandledPromptBehavior: dismiss and notify, webauthn:extension:largeBlob: true, webauthn:virtualAuthenticators: true}
Session ID: 0892b3a814e50c616bad2b91b744ee82
*** Element info: {Using=xpath, value=//*[@id=&apos;Check_Pad&apos;]}
	at org.openqa.selenium.remote.http.W3CHttpResponseCodec.createException(W3CHttpResponseCodec.java:187)
	at org.openqa.selenium.remote.http.W3CHttpResponseCodec.decode(W3CHttpResponseCodec.java:122)
	at org.openqa.selenium.remote.http.W3CHttpResponseCodec.decode(W3CHttpResponseCodec.java:49)
	at org.openqa.selenium.remote.HttpCommandExecutor.execute(HttpCommandExecutor.java:158)
	at org.openqa.selenium.remote.service.DriverCommandExecutor.execute(DriverCommandExecutor.java:83)
	at org.openqa.selenium.remote.RemoteWebDriver.execute(RemoteWebDriver.java:548)
	at org.openqa.selenium.remote.RemoteWebDriver.findElement(RemoteWebDriver.java:322)
	at org.openqa.selenium.remote.RemoteWebDriver.findElementByXPath(RemoteWebDriver.java:424)
	at org.openqa.selenium.By$ByXPath.findElement(By.java:353)
	at org.openqa.selenium.remote.RemoteWebDriver.findElement(RemoteWebDriver.java:314)
	at org.openqa.selenium.support.pagefactory.DefaultElementLocator.findElement(DefaultElementLocator.java:69)
	at org.openqa.selenium.support.pagefactory.internal.LocatingElementHandler.invoke(LocatingElementHandler.java:38)
	at com.sun.proxy.$Proxy9.isDisplayed(Unknown Source)
	at org.openqa.selenium.support.ui.ExpectedConditions.elementIfVisible(ExpectedConditions.java:315)
	at org.openqa.selenium.support.ui.ExpectedConditions.access$100(ExpectedConditions.java:44)
	at org.openqa.selenium.support.ui.ExpectedConditions$10.apply(ExpectedConditions.java:301)
	at org.openqa.selenium.support.ui.ExpectedConditions$10.apply(ExpectedConditions.java:298)
	at org.openqa.selenium.support.ui.FluentWait.until(FluentWait.java:260)
	... 30 more
... Removed 32 stack frames</div></td></tr></table><p class="totop"><a href="#summary">back to summary</a></p>
<h3 id="m3">com.vKyc.Testcases.TC_VPD#uploadVpdCaseByAdminForReAssignByAuditor</h3><table class="result"><tr><th>Exception</th></tr><tr><td><div class="stacktrace">org.openqa.selenium.WebDriverException: chrome not reachable
  (Session info: chrome=91.0.4472.101)
Build info: version: &apos;3.14.0&apos;, revision: &apos;aacccce0&apos;, time: &apos;2018-08-02T20:19:58.91Z&apos;
System info: host: &apos;ARS-NBT-LAP&apos;, ip: &apos;127.0.1.1&apos;, os.name: &apos;Linux&apos;, os.arch: &apos;amd64&apos;, os.version: &apos;4.15.0-142-generic&apos;, java.version: &apos;1.8.0_292&apos;
Driver info: org.openqa.selenium.chrome.ChromeDriver
Capabilities {acceptInsecureCerts: false, browserName: chrome, browserVersion: 91.0.4472.101, chrome: {chromedriverVersion: 91.0.4472.19 (1bf021f248676..., userDataDir: /tmp/.com.google.Chrome.nBoH7P}, goog:chromeOptions: {debuggerAddress: localhost:41251}, javascriptEnabled: true, networkConnectionEnabled: false, pageLoadStrategy: normal, platform: LINUX, platformName: LINUX, proxy: Proxy(), setWindowRect: true, strictFileInteractability: false, timeouts: {implicit: 0, pageLoad: 300000, script: 30000}, unhandledPromptBehavior: dismiss and notify, webauthn:extension:largeBlob: true, webauthn:virtualAuthenticators: true}
Session ID: 0892b3a814e50c616bad2b91b744ee82
	at org.openqa.selenium.remote.http.W3CHttpResponseCodec.createException(W3CHttpResponseCodec.java:187)
	at org.openqa.selenium.remote.http.W3CHttpResponseCodec.decode(W3CHttpResponseCodec.java:122)
	at org.openqa.selenium.remote.http.W3CHttpResponseCodec.decode(W3CHttpResponseCodec.java:49)
	at org.openqa.selenium.remote.HttpCommandExecutor.execute(HttpCommandExecutor.java:158)
	at org.openqa.selenium.remote.service.DriverCommandExecutor.execute(DriverCommandExecutor.java:83)
	at org.openqa.selenium.remote.RemoteWebDriver.execute(RemoteWebDriver.java:548)
	at org.openqa.selenium.remote.RemoteWebDriver.get(RemoteWebDriver.java:276)
	at com.vKyc.Testcases.TC_VPD.uploadVpdCaseByAdminForReAssignByAuditor(TC_VPD.java:637)
... Removed 32 stack frames</div></td></tr></table><p class="totop"><a href="#summary">back to summary</a></p>
<h3 id="m4">com.vKyc.Testcases.TC_VPD#uploadVpdCaseByAdminForRejectingByAuditor</h3><table class="result"><tr><th>Exception</th></tr><tr><td><div class="stacktrace">org.openqa.selenium.WebDriverException: chrome not reachable
  (Session info: chrome=91.0.4472.101)
Build info: version: &apos;3.14.0&apos;, revision: &apos;aacccce0&apos;, time: &apos;2018-08-02T20:19:58.91Z&apos;
System info: host: &apos;ARS-NBT-LAP&apos;, ip: &apos;127.0.1.1&apos;, os.name: &apos;Linux&apos;, os.arch: &apos;amd64&apos;, os.version: &apos;4.15.0-142-generic&apos;, java.version: &apos;1.8.0_292&apos;
Driver info: org.openqa.selenium.chrome.ChromeDriver
Capabilities {acceptInsecureCerts: false, browserName: chrome, browserVersion: 91.0.4472.101, chrome: {chromedriverVersion: 91.0.4472.19 (1bf021f248676..., userDataDir: /tmp/.com.google.Chrome.nBoH7P}, goog:chromeOptions: {debuggerAddress: localhost:41251}, javascriptEnabled: true, networkConnectionEnabled: false, pageLoadStrategy: normal, platform: LINUX, platformName: LINUX, proxy: Proxy(), setWindowRect: true, strictFileInteractability: false, timeouts: {implicit: 0, pageLoad: 300000, script: 30000}, unhandledPromptBehavior: dismiss and notify, webauthn:extension:largeBlob: true, webauthn:virtualAuthenticators: true}
Session ID: 0892b3a814e50c616bad2b91b744ee82
	at org.openqa.selenium.remote.http.W3CHttpResponseCodec.createException(W3CHttpResponseCodec.java:187)
	at org.openqa.selenium.remote.http.W3CHttpResponseCodec.decode(W3CHttpResponseCodec.java:122)
	at org.openqa.selenium.remote.http.W3CHttpResponseCodec.decode(W3CHttpResponseCodec.java:49)
	at org.openqa.selenium.remote.HttpCommandExecutor.execute(HttpCommandExecutor.java:158)
	at org.openqa.selenium.remote.service.DriverCommandExecutor.execute(DriverCommandExecutor.java:83)
	at org.openqa.selenium.remote.RemoteWebDriver.execute(RemoteWebDriver.java:548)
	at org.openqa.selenium.remote.RemoteWebDriver.get(RemoteWebDriver.java:276)
	at com.vKyc.Testcases.TC_VPD.uploadVpdCaseByAdminForRejectingByAuditor(TC_VPD.java:423)
... Removed 32 stack frames</div></td></tr></table><p class="totop"><a href="#summary">back to summary</a></p>
<h3 id="m5">com.vKyc.Testcases.TC_VPD#verifyCallStartDate</h3><table class="result"><tr><th>Exception</th></tr><tr><td><div class="stacktrace">java.lang.NullPointerException
	at com.vKyc.Testcases.TC_VPD.verifyCallStartDate(TC_VPD.java:301)
... Removed 28 stack frames</div></td></tr></table><p class="totop"><a href="#summary">back to summary</a></p>
<h3 id="m6">com.vKyc.Testcases.TC_VPD#verifyGeoTagAddress</h3><table class="result"><tr><th>Exception</th></tr><tr><td><div class="stacktrace">java.lang.NullPointerException
	at com.vKyc.Testcases.TC_VPD.verifyGeoTagAddress(TC_VPD.java:316)
... Removed 28 stack frames</div></td></tr></table><p class="totop"><a href="#summary">back to summary</a></p>
<h3 id="m7">com.vKyc.Testcases.TC_VPD#checkCaseAvailabilityinRejectedBucket</h3><table class="result"><tr><th>Exception</th></tr><tr><td><div class="stacktrace">java.lang.Throwable: Method TC_VPD.checkCaseAvailabilityinRejectedBucket()[pri:22, instance:com.vKyc.Testcases.TC_VPD@3f2a3a5] depends on not successfully finished methods
... Removed 21 stack frames</div></td></tr></table><p class="totop"><a href="#summary">back to summary</a></p>
<h3 id="m8">com.vKyc.Testcases.TC_VPD#completeCaseByAuditor</h3><table class="result"><tr><th>Exception</th></tr><tr><td><div class="stacktrace">java.lang.Throwable: Method TC_VPD.completeCaseByAuditor()[pri:6, instance:com.vKyc.Testcases.TC_VPD@3f2a3a5] depends on not successfully finished methods
... Removed 21 stack frames</div></td></tr></table><p class="totop"><a href="#summary">back to summary</a></p>
<h3 id="m9">com.vKyc.Testcases.TC_VPD#completeCaseByAuditorForReassignByAuditor</h3><table class="result"><tr><th>Exception</th></tr><tr><td><div class="stacktrace">java.lang.Throwable: Method TC_VPD.completeCaseByAuditorForReassignByAuditor()[pri:27, instance:com.vKyc.Testcases.TC_VPD@3f2a3a5] depends on not successfully finished methods
... Removed 21 stack frames</div></td></tr></table><p class="totop"><a href="#summary">back to summary</a></p>
<h3 id="m10">com.vKyc.Testcases.TC_VPD#completeCaseByAuditorForRejectByAuditor</h3><table class="result"><tr><th>Exception</th></tr><tr><td><div class="stacktrace">java.lang.Throwable: Method TC_VPD.completeCaseByAuditorForRejectByAuditor()[pri:20, instance:com.vKyc.Testcases.TC_VPD@3f2a3a5] depends on not successfully finished methods
... Removed 21 stack frames</div></td></tr></table><p class="totop"><a href="#summary">back to summary</a></p>
<h3 id="m11">com.vKyc.Testcases.TC_VPD#downloadAndVerifyReport</h3><table class="result"><tr><th>Exception</th></tr><tr><td><div class="stacktrace">java.lang.Throwable: Method TC_VPD.downloadAndVerifyReport()[pri:8, instance:com.vKyc.Testcases.TC_VPD@3f2a3a5] depends on not successfully finished methods
... Removed 21 stack frames</div></td></tr></table><p class="totop"><a href="#summary">back to summary</a></p>
<h3 id="m12">com.vKyc.Testcases.TC_VPD#markCaseAsApprovedByAuditor</h3><table class="result"><tr><th>Exception</th></tr><tr><td><div class="stacktrace">java.lang.Throwable: Method TC_VPD.markCaseAsApprovedByAuditor()[pri:7, instance:com.vKyc.Testcases.TC_VPD@3f2a3a5] depends on not successfully finished methods
... Removed 21 stack frames</div></td></tr></table><p class="totop"><a href="#summary">back to summary</a></p>
<h3 id="m13">com.vKyc.Testcases.TC_VPD#scheduleCaseByAuditor</h3><table class="result"><tr><th>Exception</th></tr><tr><td><div class="stacktrace">java.lang.Throwable: Method TC_VPD.scheduleCaseByAuditor()[pri:3, instance:com.vKyc.Testcases.TC_VPD@3f2a3a5] depends on not successfully finished methods
... Removed 21 stack frames</div></td></tr></table><p class="totop"><a href="#summary">back to summary</a></p>
<h3 id="m14">com.vKyc.Testcases.TC_VPD#scheduleCaseByAuditorForReassignByAuditor</h3><table class="result"><tr><th>Exception</th></tr><tr><td><div class="stacktrace">java.lang.Throwable: Method TC_VPD.scheduleCaseByAuditorForReassignByAuditor()[pri:24, instance:com.vKyc.Testcases.TC_VPD@3f2a3a5] depends on not successfully finished methods
... Removed 21 stack frames</div></td></tr></table><p class="totop"><a href="#summary">back to summary</a></p>
<h3 id="m15">com.vKyc.Testcases.TC_VPD#scheduleCaseByAuditorForRejectByAuditor</h3><table class="result"><tr><th>Exception</th></tr><tr><td><div class="stacktrace">java.lang.Throwable: Method TC_VPD.scheduleCaseByAuditorForRejectByAuditor()[pri:17, instance:com.vKyc.Testcases.TC_VPD@3f2a3a5] depends on not successfully finished methods
... Removed 21 stack frames</div></td></tr></table><p class="totop"><a href="#summary">back to summary</a></p>
<h3 id="m16">com.vKyc.Testcases.TC_VPD#submitDocumentsAndStartVptByCustomer</h3><table class="result"><tr><th>Exception</th></tr><tr><td><div class="stacktrace">java.lang.Throwable: Method TC_VPD.submitDocumentsAndStartVptByCustomer()[pri:5, instance:com.vKyc.Testcases.TC_VPD@3f2a3a5] depends on not successfully finished methods
... Removed 21 stack frames</div></td></tr></table><p class="totop"><a href="#summary">back to summary</a></p>
<h3 id="m17">com.vKyc.Testcases.TC_VPD#submitDocumentsAndStartVptByCustomerForReassignByAuditor</h3><table class="result"><tr><th>Exception</th></tr><tr><td><div class="stacktrace">java.lang.Throwable: Method TC_VPD.submitDocumentsAndStartVptByCustomerForReassignByAuditor()[pri:26, instance:com.vKyc.Testcases.TC_VPD@3f2a3a5] depends on not successfully finished methods
... Removed 21 stack frames</div></td></tr></table><p class="totop"><a href="#summary">back to summary</a></p>
<h3 id="m18">com.vKyc.Testcases.TC_VPD#submitDocumentsAndStartVptByCustomerForRejectByAuditor</h3><table class="result"><tr><th>Exception</th></tr><tr><td><div class="stacktrace">java.lang.Throwable: Method TC_VPD.submitDocumentsAndStartVptByCustomerForRejectByAuditor()[pri:19, instance:com.vKyc.Testcases.TC_VPD@3f2a3a5] depends on not successfully finished methods
... Removed 21 stack frames</div></td></tr></table><p class="totop"><a href="#summary">back to summary</a></p>
<h3 id="m19">com.vKyc.Testcases.TC_VPD#verifyCaseInAssignedBucket</h3><table class="result"><tr><th>Exception</th></tr><tr><td><div class="stacktrace">java.lang.Throwable: Method TC_VPD.verifyCaseInAssignedBucket()[pri:2, instance:com.vKyc.Testcases.TC_VPD@3f2a3a5] depends on not successfully finished methods
... Removed 21 stack frames</div></td></tr></table><p class="totop"><a href="#summary">back to summary</a></p>
<h3 id="m20">com.vKyc.Testcases.TC_VPD#verifyCustomerName</h3><table class="result"><tr><th>Exception</th></tr><tr><td><div class="stacktrace">java.lang.Throwable: Method TC_VPD.verifyCustomerName()[pri:9, instance:com.vKyc.Testcases.TC_VPD@3f2a3a5] depends on not successfully finished methods
... Removed 21 stack frames</div></td></tr></table><p class="totop"><a href="#summary">back to summary</a></p>
<h3 id="m21">com.vKyc.Testcases.TC_VPD#vpdCaseReAssignByAuditor</h3><table class="result"><tr><th>Exception</th></tr><tr><td><div class="stacktrace">java.lang.Throwable: Method TC_VPD.vpdCaseReAssignByAuditor()[pri:28, instance:com.vKyc.Testcases.TC_VPD@3f2a3a5] depends on not successfully finished methods
... Removed 21 stack frames</div></td></tr></table><p class="totop"><a href="#summary">back to summary</a></p>
<h3 id="m22">com.vKyc.Testcases.TC_VPD#vpdCaseRejectedByAuditor</h3><table class="result"><tr><th>Exception</th></tr><tr><td><div class="stacktrace">java.lang.Throwable: Method TC_VPD.vpdCaseRejectedByAuditor()[pri:21, instance:com.vKyc.Testcases.TC_VPD@3f2a3a5] depends on not successfully finished methods
... Removed 21 stack frames</div></td></tr></table><p class="totop"><a href="#summary">back to summary</a></p>
<h3 id="m23">com.vKyc.Testcases.TC_VPD#vpdProcessByCustomer</h3><table class="result"><tr><th>Exception</th></tr><tr><td><div class="stacktrace">java.lang.Throwable: Method TC_VPD.vpdProcessByCustomer()[pri:4, instance:com.vKyc.Testcases.TC_VPD@3f2a3a5] depends on not successfully finished methods
... Removed 21 stack frames</div></td></tr></table><p class="totop"><a href="#summary">back to summary</a></p>
<h3 id="m24">com.vKyc.Testcases.TC_VPD#vpdProcessByCustomerForReassignByAuditor</h3><table class="result"><tr><th>Exception</th></tr><tr><td><div class="stacktrace">java.lang.Throwable: Method TC_VPD.vpdProcessByCustomerForReassignByAuditor()[pri:25, instance:com.vKyc.Testcases.TC_VPD@3f2a3a5] depends on not successfully finished methods
... Removed 21 stack frames</div></td></tr></table><p class="totop"><a href="#summary">back to summary</a></p>
<h3 id="m25">com.vKyc.Testcases.TC_VPD#vpdProcessByCustomerForRejectByAuditor</h3><table class="result"><tr><th>Exception</th></tr><tr><td><div class="stacktrace">java.lang.Throwable: Method TC_VPD.vpdProcessByCustomerForRejectByAuditor()[pri:18, instance:com.vKyc.Testcases.TC_VPD@3f2a3a5] depends on not successfully finished methods
... Removed 21 stack frames</div></td></tr></table><p class="totop"><a href="#summary">back to summary</a></p>
</body>
</html>
